<?xml version="1.0" encoding="utf-8"?><testsuites name="pytest tests"><testsuite name="pytest" errors="0" failures="0" skipped="0" tests="17" time="2.814" timestamp="2026-02-09T22:30:49.260777+00:00" hostname="agent-env-011a9cfd-210e-4bf2-b0dd-bff75a22650c"><testcase classname="backend.tests.test_holidays_restrictions.TestAuth" name="test_login" time="0.314" /><testcase classname="backend.tests.test_holidays_restrictions.TestHubSetup" name="test_get_hub_puerta_toledo" time="0.303" /><testcase classname="backend.tests.test_holidays_restrictions.TestHolidaysAPI" name="test_get_holidays_2026" time="0.337" /><testcase classname="backend.tests.test_holidays_restrictions.TestHolidaysAPI" name="test_holidays_contain_key_dates" time="0.035" /><testcase classname="backend.tests.test_holidays_restrictions.TestHolidaysAPI" name="test_create_custom_holiday" time="0.038" /><testcase classname="backend.tests.test_holidays_restrictions.TestHolidaysAPI" name="test_verify_custom_holiday_appears" time="0.039" /><testcase classname="backend.tests.test_holidays_restrictions.TestHolidaysAPI" name="test_create_duplicate_date_fails" time="0.045" /><testcase classname="backend.tests.test_holidays_restrictions.TestHolidaysAPI" name="test_delete_custom_holiday" time="0.039" /><testcase classname="backend.tests.test_holidays_restrictions.TestHolidaysAPI" name="test_verify_custom_holiday_removed" time="0.037" /><testcase classname="backend.tests.test_holidays_restrictions.TestTimeRestrictionsAPI" name="test_get_time_restrictions" time="0.339" /><testcase classname="backend.tests.test_holidays_restrictions.TestTimeRestrictionsAPI" name="test_create_time_restriction" time="0.034" /><testcase classname="backend.tests.test_holidays_restrictions.TestTimeRestrictionsAPI" name="test_create_restriction_validates_aplica_a" time="0.036" /><testcase classname="backend.tests.test_holidays_restrictions.TestTimeRestrictionsAPI" name="test_update_time_restriction" time="0.040" /><testcase classname="backend.tests.test_holidays_restrictions.TestTimeRestrictionsAPI" name="test_verify_update_persisted" time="0.467" /><testcase classname="backend.tests.test_holidays_restrictions.TestTimeRestrictionsAPI" name="test_delete_time_restriction" time="0.038" /><testcase classname="backend.tests.test_holidays_restrictions.TestTimeRestrictionsAPI" name="test_verify_deletion" time="0.034" /><testcase classname="backend.tests.test_holidays_restrictions.TestTimeRestrictionsAPI" name="test_summary_cards_data" time="0.588" /></testsuite></testsuites>