<?xml version="1.0" encoding="utf-8"?><testsuites name="pytest tests"><testsuite name="pytest" errors="0" failures="0" skipped="0" tests="16" time="1.172" timestamp="2026-02-09T22:00:01.892267+00:00" hostname="agent-env-011a9cfd-210e-4bf2-b0dd-bff75a22650c"><testcase classname="backend.tests.test_kilos_litros.TestAuthentication" name="test_login_success" time="0.328" /><testcase classname="backend.tests.test_kilos_litros.TestAuthentication" name="test_login_invalid_credentials" time="0.039" /><testcase classname="backend.tests.test_kilos_litros.TestHubsAndRoutes" name="test_get_hubs" time="0.302" /><testcase classname="backend.tests.test_kilos_litros.TestHubsAndRoutes" name="test_get_routes" time="0.027" /><testcase classname="backend.tests.test_kilos_litros.TestKilosLitrosEntries" name="test_get_kilos_litros_entries" time="0.010" /><testcase classname="backend.tests.test_kilos_litros.TestKilosLitrosEntries" name="test_create_kilos_litros_entry" time="0.019" /><testcase classname="backend.tests.test_kilos_litros.TestKilosLitrosEntries" name="test_verify_entry_persisted" time="0.051" /><testcase classname="backend.tests.test_kilos_litros.TestKilosLitrosEntries" name="test_delete_kilos_litros_entry" time="0.029" /><testcase classname="backend.tests.test_kilos_litros.TestKilosLitrosSummary" name="test_get_summary" time="0.010" /><testcase classname="backend.tests.test_kilos_litros.TestKilosLitrosSummary" name="test_summary_by_repartidor" time="0.050" /><testcase classname="backend.tests.test_kilos_litros.TestKilosLitrosSummary" name="test_summary_by_route" time="0.012" /><testcase classname="backend.tests.test_kilos_litros.TestKilosLitrosBulk" name="test_bulk_create" time="0.010" /><testcase classname="backend.tests.test_kilos_litros.TestKilosLitrosBulk" name="test_cleanup_bulk_entries" time="0.028" /><testcase classname="backend.tests.test_kilos_litros.TestEdgeCases" name="test_get_entries_invalid_hub" time="0.009" /><testcase classname="backend.tests.test_kilos_litros.TestEdgeCases" name="test_delete_invalid_entry" time="0.009" /><testcase classname="backend.tests.test_kilos_litros.TestEdgeCases" name="test_create_entry_invalid_route" time="0.010" /></testsuite></testsuites>